2025-07-05 09:18:43,855 - INFO - Loaded 1 known faces
2025-07-05 09:18:44,088 - INFO - System info loaded
2025-07-05 09:18:56,226 - INFO - Camera started
2025-07-05 09:18:57,646 - INFO - Detected 1 face(s) in frame.
2025-07-05 09:18:57,646 - INFO - Face recognized as P.Bharath Kumar Reddy.
2025-07-05 09:18:58,602 - INFO - Detected 1 face(s) in frame.
2025-07-05 09:18:58,602 - INFO - Face recognized as P.Bharath Kumar Reddy.
2025-07-05 09:18:59,561 - INFO - Detected 1 face(s) in frame.
2025-07-05 09:18:59,561 - INFO - Face recognized as P.Bharath Kumar Reddy.
2025-07-05 09:19:00,525 - INFO - Detected 1 face(s) in frame.
2025-07-05 09:19:00,525 - INFO - Face recognized as P.Bharath Kumar Reddy.
2025-07-05 09:19:01,527 - INFO - Detected 1 face(s) in frame.
2025-07-05 09:19:01,527 - INFO - Face recognized as P.Bharath Kumar Reddy.
2025-07-05 09:19:02,494 - INFO - Detected 1 face(s) in frame.
2025-07-05 09:19:02,494 - INFO - Face recognized as P.Bharath Kumar Reddy.
2025-07-05 09:19:03,520 - INFO - Detected 1 face(s) in frame.
2025-07-05 09:19:03,524 - INFO - Face recognized as P.Bharath Kumar Reddy.
2025-07-05 09:19:04,503 - INFO - Detected 1 face(s) in frame.
2025-07-05 09:19:04,503 - INFO - Face recognized as P.Bharath Kumar Reddy.
2025-07-05 09:19:05,528 - INFO - Detected 1 face(s) in frame.
2025-07-05 09:19:05,528 - INFO - Face recognized as P.Bharath Kumar Reddy.
2025-07-05 09:19:06,577 - INFO - Detected 1 face(s) in frame.
2025-07-05 09:19:06,577 - INFO - Face recognized as P.Bharath Kumar Reddy.
2025-07-05 09:19:07,552 - INFO - Detected 1 face(s) in frame.
2025-07-05 09:19:07,552 - INFO - Face recognized as P.Bharath Kumar Reddy.
2025-07-05 09:19:08,506 - INFO - Detected 1 face(s) in frame.
2025-07-05 09:19:08,506 - INFO - Face recognized as P.Bharath Kumar Reddy.
2025-07-05 09:19:09,580 - INFO - Detected 1 face(s) in frame.
2025-07-05 09:19:09,580 - INFO - Face recognized as P.Bharath Kumar Reddy.
2025-07-05 09:19:10,525 - INFO - Detected 1 face(s) in frame.
2025-07-05 09:19:10,525 - INFO - Face recognized as P.Bharath Kumar Reddy.
2025-07-05 09:19:11,477 - INFO - Detected 1 face(s) in frame.
2025-07-05 09:19:11,477 - INFO - Face recognized as P.Bharath Kumar Reddy.
2025-07-05 09:19:12,449 - INFO - Detected 1 face(s) in frame.
2025-07-05 09:19:12,449 - INFO - Face recognized as P.Bharath Kumar Reddy.
2025-07-05 09:19:13,402 - INFO - Detected 1 face(s) in frame.
2025-07-05 09:19:13,402 - INFO - Face recognized as P.Bharath Kumar Reddy.
2025-07-05 09:19:14,392 - INFO - Detected 1 face(s) in frame.
2025-07-05 09:19:14,392 - INFO - Face recognized as P.Bharath Kumar Reddy.
2025-07-05 09:19:15,417 - INFO - Detected 1 face(s) in frame.
2025-07-05 09:19:15,417 - INFO - Face recognized as P.Bharath Kumar Reddy.
2025-07-05 09:19:16,391 - INFO - Detected 1 face(s) in frame.
2025-07-05 09:19:16,393 - INFO - Face recognized as P.Bharath Kumar Reddy.
2025-07-05 09:19:17,382 - INFO - Detected 1 face(s) in frame.
2025-07-05 09:19:17,382 - INFO - Face recognized as P.Bharath Kumar Reddy.
2025-07-05 09:19:18,322 - INFO - Detected 1 face(s) in frame.
2025-07-05 09:19:18,324 - INFO - Face recognized as P.Bharath Kumar Reddy.
2025-07-05 09:19:19,293 - INFO - Detected 1 face(s) in frame.
2025-07-05 09:19:19,293 - INFO - Face recognized as P.Bharath Kumar Reddy.
2025-07-05 09:19:20,240 - INFO - Detected 1 face(s) in frame.
2025-07-05 09:19:20,242 - INFO - Face recognized as P.Bharath Kumar Reddy.
2025-07-05 09:19:21,208 - INFO - Detected 1 face(s) in frame.
2025-07-05 09:19:21,208 - INFO - Face recognized as P.Bharath Kumar Reddy.
2025-07-05 09:19:22,124 - INFO - Detected 1 face(s) in frame.
2025-07-05 09:19:22,124 - INFO - Face recognized as P.Bharath Kumar Reddy.
2025-07-05 09:19:23,102 - INFO - Detected 1 face(s) in frame.
2025-07-05 09:19:23,102 - INFO - Face recognized as P.Bharath Kumar Reddy.
2025-07-05 09:19:24,109 - INFO - Detected 1 face(s) in frame.
2025-07-05 09:19:24,109 - INFO - Face recognized as P.Bharath Kumar Reddy.
2025-07-05 09:19:25,090 - INFO - Detected 1 face(s) in frame.
2025-07-05 09:19:25,090 - INFO - Face recognized as P.Bharath Kumar Reddy.
2025-07-05 09:19:26,056 - INFO - Detected 1 face(s) in frame.
2025-07-05 09:19:26,056 - INFO - Face recognized as P.Bharath Kumar Reddy.
2025-07-05 09:19:27,004 - INFO - Detected 1 face(s) in frame.
2025-07-05 09:19:27,004 - INFO - Face recognized as P.Bharath Kumar Reddy.
2025-07-05 09:19:27,973 - INFO - Detected 1 face(s) in frame.
2025-07-05 09:19:27,973 - INFO - Face recognized as P.Bharath Kumar Reddy.
2025-07-05 09:19:28,282 - INFO - Camera stopped
2025-07-05 09:25:54,735 - INFO - Loaded 1 known faces
2025-07-05 09:25:55,002 - INFO - System info loaded
2025-07-05 09:26:07,888 - INFO - Camera started
2025-07-05 09:26:08,398 - INFO - Detected 0 face(s) in frame.
2025-07-05 09:26:08,586 - INFO - Detected 0 face(s) in frame.
2025-07-05 09:26:09,621 - INFO - Detected 1 face(s) in frame.
2025-07-05 09:26:09,622 - INFO - Face recognized as P.Bharath Kumar Reddy.
2025-07-05 09:26:10,596 - INFO - Detected 1 face(s) in frame.
2025-07-05 09:26:10,596 - INFO - Face recognized as P.Bharath Kumar Reddy.
2025-07-05 09:26:11,568 - INFO - Detected 1 face(s) in frame.
2025-07-05 09:26:11,568 - INFO - Face recognized as P.Bharath Kumar Reddy.
2025-07-05 09:26:12,505 - INFO - Detected 1 face(s) in frame.
2025-07-05 09:26:12,505 - INFO - Face recognized as P.Bharath Kumar Reddy.
2025-07-05 09:26:13,519 - INFO - Detected 1 face(s) in frame.
2025-07-05 09:26:13,519 - INFO - Face recognized as P.Bharath Kumar Reddy.
2025-07-05 09:26:14,452 - INFO - Detected 1 face(s) in frame.
2025-07-05 09:26:14,460 - INFO - Face recognized as P.Bharath Kumar Reddy.
2025-07-05 09:26:15,444 - INFO - Detected 1 face(s) in frame.
2025-07-05 09:26:15,444 - INFO - Face recognized as P.Bharath Kumar Reddy.
2025-07-05 09:26:16,399 - INFO - Detected 1 face(s) in frame.
2025-07-05 09:26:16,412 - INFO - Face recognized as P.Bharath Kumar Reddy.
2025-07-05 09:26:17,372 - INFO - Detected 1 face(s) in frame.
2025-07-05 09:26:17,372 - INFO - Face recognized as P.Bharath Kumar Reddy.
2025-07-05 09:26:18,380 - INFO - Detected 1 face(s) in frame.
2025-07-05 09:26:18,380 - INFO - Face recognized as P.Bharath Kumar Reddy.
2025-07-05 09:26:18,523 - INFO - Detected 0 face(s) in frame.
2025-07-05 09:26:19,529 - INFO - Detected 1 face(s) in frame.
2025-07-05 09:26:19,531 - INFO - Face recognized as P.Bharath Kumar Reddy.
2025-07-05 09:26:19,673 - INFO - Detected 0 face(s) in frame.
2025-07-05 09:26:19,810 - INFO - Detected 0 face(s) in frame.
2025-07-05 09:26:20,837 - INFO - Detected 1 face(s) in frame.
2025-07-05 09:26:20,837 - INFO - Face recognized as P.Bharath Kumar Reddy.
2025-07-05 09:26:22,035 - INFO - Detected 1 face(s) in frame.
2025-07-05 09:26:22,035 - INFO - Face recognized as P.Bharath Kumar Reddy.
2025-07-05 09:26:23,016 - INFO - Detected 1 face(s) in frame.
2025-07-05 09:26:23,016 - INFO - Face recognized as P.Bharath Kumar Reddy.
2025-07-05 09:26:23,986 - INFO - Detected 1 face(s) in frame.
2025-07-05 09:26:23,986 - INFO - Face recognized as P.Bharath Kumar Reddy.
2025-07-05 09:26:25,043 - INFO - Detected 1 face(s) in frame.
2025-07-05 09:26:25,043 - INFO - Face recognized as P.Bharath Kumar Reddy.
2025-07-05 09:26:26,845 - INFO - Detected 2 face(s) in frame.
2025-07-05 09:26:26,845 - INFO - Face recognized as P.Bharath Kumar Reddy.
2025-07-05 09:26:26,847 - INFO - Face not recognized (Unknown).
2025-07-05 09:26:28,785 - INFO - Detected 2 face(s) in frame.
2025-07-05 09:26:28,785 - INFO - Face not recognized (Unknown).
2025-07-05 09:26:28,785 - INFO - Face recognized as P.Bharath Kumar Reddy.
2025-07-05 09:26:30,649 - INFO - Detected 2 face(s) in frame.
2025-07-05 09:26:30,649 - INFO - Face recognized as P.Bharath Kumar Reddy.
2025-07-05 09:26:30,657 - INFO - Face not recognized (Unknown).
2025-07-05 09:26:32,413 - INFO - Detected 2 face(s) in frame.
2025-07-05 09:26:32,413 - INFO - Face not recognized (Unknown).
2025-07-05 09:26:32,413 - INFO - Face recognized as P.Bharath Kumar Reddy.
2025-07-05 09:26:34,220 - INFO - Detected 2 face(s) in frame.
2025-07-05 09:26:34,220 - INFO - Face not recognized (Unknown).
2025-07-05 09:26:34,220 - INFO - Face recognized as P.Bharath Kumar Reddy.
2025-07-05 09:26:34,569 - INFO - Camera stopped
2025-07-05 09:27:47,177 - INFO - Loaded 1 known faces
2025-07-05 09:27:47,378 - INFO - System info loaded
2025-07-05 09:27:59,448 - INFO - Camera started
2025-07-05 09:27:59,886 - INFO - Detected 0 face(s) in frame.
2025-07-05 09:27:59,984 - INFO - Detected 0 face(s) in frame.
2025-07-05 09:28:00,066 - INFO - Detected 0 face(s) in frame.
2025-07-05 09:28:00,154 - INFO - Detected 0 face(s) in frame.
2025-07-05 09:28:01,046 - INFO - Detected 1 face(s) in frame.
2025-07-05 09:28:01,046 - INFO - Face recognized as P.Bharath Kumar Reddy.
2025-07-05 09:28:01,046 - INFO - Attendance already marked for P.Bharath Kumar Reddy today
2025-07-05 09:28:01,974 - INFO - Detected 1 face(s) in frame.
2025-07-05 09:28:01,983 - INFO - Face recognized as P.Bharath Kumar Reddy.
2025-07-05 09:28:01,983 - INFO - Attendance already marked for P.Bharath Kumar Reddy today
2025-07-05 09:28:02,857 - INFO - Detected 1 face(s) in frame.
2025-07-05 09:28:02,865 - INFO - Face recognized as P.Bharath Kumar Reddy.
2025-07-05 09:28:02,865 - INFO - Attendance already marked for P.Bharath Kumar Reddy today
2025-07-05 09:28:03,772 - INFO - Detected 1 face(s) in frame.
2025-07-05 09:28:03,772 - INFO - Face recognized as P.Bharath Kumar Reddy.
2025-07-05 09:28:03,772 - INFO - Attendance already marked for P.Bharath Kumar Reddy today
2025-07-05 09:28:04,738 - INFO - Detected 1 face(s) in frame.
2025-07-05 09:28:04,738 - INFO - Face recognized as P.Bharath Kumar Reddy.
2025-07-05 09:28:04,738 - INFO - Attendance already marked for P.Bharath Kumar Reddy today
2025-07-05 09:28:05,667 - INFO - Detected 1 face(s) in frame.
2025-07-05 09:28:05,667 - INFO - Face recognized as P.Bharath Kumar Reddy.
2025-07-05 09:28:05,667 - INFO - Attendance already marked for P.Bharath Kumar Reddy today
2025-07-05 09:28:05,760 - INFO - Detected 0 face(s) in frame.
2025-07-05 09:28:06,737 - INFO - Detected 1 face(s) in frame.
2025-07-05 09:28:06,737 - INFO - Face recognized as P.Bharath Kumar Reddy.
2025-07-05 09:28:06,737 - INFO - Attendance already marked for P.Bharath Kumar Reddy today
2025-07-05 09:28:06,842 - INFO - Detected 0 face(s) in frame.
2025-07-05 09:28:06,938 - INFO - Detected 0 face(s) in frame.
2025-07-05 09:28:07,066 - INFO - Detected 0 face(s) in frame.
2025-07-05 09:28:07,151 - INFO - Detected 0 face(s) in frame.
2025-07-05 09:28:07,247 - INFO - Detected 0 face(s) in frame.
2025-07-05 09:28:07,338 - INFO - Detected 0 face(s) in frame.
2025-07-05 09:28:08,370 - INFO - Detected 1 face(s) in frame.
2025-07-05 09:28:08,370 - INFO - Face recognized as P.Bharath Kumar Reddy.
2025-07-05 09:28:08,370 - INFO - Attendance already marked for P.Bharath Kumar Reddy today
2025-07-05 09:28:09,288 - INFO - Detected 1 face(s) in frame.
2025-07-05 09:28:09,290 - INFO - Face recognized as P.Bharath Kumar Reddy.
2025-07-05 09:28:09,290 - INFO - Attendance already marked for P.Bharath Kumar Reddy today
2025-07-05 09:28:09,367 - INFO - Detected 0 face(s) in frame.
2025-07-05 09:28:09,469 - INFO - Detected 0 face(s) in frame.
2025-07-05 09:28:09,559 - INFO - Detected 0 face(s) in frame.
2025-07-05 09:28:09,658 - INFO - Detected 0 face(s) in frame.
2025-07-05 09:28:09,747 - INFO - Detected 0 face(s) in frame.
2025-07-05 09:28:09,857 - INFO - Detected 0 face(s) in frame.
2025-07-05 09:28:09,960 - INFO - Detected 0 face(s) in frame.
2025-07-05 09:28:10,064 - INFO - Detected 0 face(s) in frame.
2025-07-05 09:28:10,988 - INFO - Detected 1 face(s) in frame.
2025-07-05 09:28:10,988 - INFO - Face recognized as P.Bharath Kumar Reddy.
2025-07-05 09:28:10,991 - INFO - Attendance already marked for P.Bharath Kumar Reddy today
2025-07-05 09:28:11,068 - INFO - Detected 0 face(s) in frame.
2025-07-05 09:28:11,162 - INFO - Detected 0 face(s) in frame.
2025-07-05 09:28:11,257 - INFO - Detected 0 face(s) in frame.
2025-07-05 09:28:11,356 - INFO - Detected 0 face(s) in frame.
2025-07-05 09:28:12,307 - INFO - Detected 1 face(s) in frame.
2025-07-05 09:28:12,307 - INFO - Face recognized as P.Bharath Kumar Reddy.
2025-07-05 09:28:12,307 - INFO - Attendance already marked for P.Bharath Kumar Reddy today
2025-07-05 09:28:13,253 - INFO - Detected 1 face(s) in frame.
2025-07-05 09:28:13,253 - INFO - Face recognized as P.Bharath Kumar Reddy.
2025-07-05 09:28:13,253 - INFO - Attendance already marked for P.Bharath Kumar Reddy today
2025-07-05 09:28:13,352 - INFO - Detected 0 face(s) in frame.
2025-07-05 09:28:13,451 - INFO - Detected 0 face(s) in frame.
2025-07-05 09:28:14,363 - INFO - Detected 1 face(s) in frame.
2025-07-05 09:28:14,363 - INFO - Face recognized as P.Bharath Kumar Reddy.
2025-07-05 09:28:14,363 - INFO - Attendance already marked for P.Bharath Kumar Reddy today
2025-07-05 09:28:15,304 - INFO - Detected 1 face(s) in frame.
2025-07-05 09:28:15,305 - INFO - Face recognized as P.Bharath Kumar Reddy.
2025-07-05 09:28:15,305 - INFO - Attendance already marked for P.Bharath Kumar Reddy today
2025-07-05 09:28:16,223 - INFO - Detected 1 face(s) in frame.
2025-07-05 09:28:16,223 - INFO - Face recognized as P.Bharath Kumar Reddy.
2025-07-05 09:28:16,223 - INFO - Attendance already marked for P.Bharath Kumar Reddy today
2025-07-05 09:28:17,119 - INFO - Detected 1 face(s) in frame.
2025-07-05 09:28:17,119 - INFO - Face recognized as P.Bharath Kumar Reddy.
2025-07-05 09:28:17,119 - INFO - Attendance already marked for P.Bharath Kumar Reddy today
2025-07-05 09:28:18,041 - INFO - Detected 1 face(s) in frame.
2025-07-05 09:28:18,042 - INFO - Face recognized as P.Bharath Kumar Reddy.
2025-07-05 09:28:18,042 - INFO - Attendance already marked for P.Bharath Kumar Reddy today
2025-07-05 09:28:18,947 - INFO - Detected 1 face(s) in frame.
2025-07-05 09:28:18,947 - INFO - Face recognized as P.Bharath Kumar Reddy.
2025-07-05 09:28:18,947 - INFO - Attendance already marked for P.Bharath Kumar Reddy today
2025-07-05 09:28:19,912 - INFO - Detected 1 face(s) in frame.
2025-07-05 09:28:19,912 - INFO - Face recognized as P.Bharath Kumar Reddy.
2025-07-05 09:28:19,914 - INFO - Attendance already marked for P.Bharath Kumar Reddy today
2025-07-05 09:28:20,209 - INFO - Camera stopped
2025-07-05 10:04:13,800 - INFO - Loaded 1 known faces
2025-07-05 10:04:14,021 - INFO - System info loaded
2025-07-05 10:05:54,054 - INFO - Generated student report from 2025-07-05 to 2025-07-05
2025-07-05 10:06:03,910 - INFO - Generated daily report from 2025-07-05 to 2025-07-05
2025-07-05 10:06:05,079 - INFO - Generated student report from 2025-07-05 to 2025-07-05
2025-07-05 10:06:10,583 - INFO - Report exported to reports\attendance_report_20250705_100606.xlsx
2025-07-05 10:06:12,216 - INFO - Generated daily report from 2025-07-05 to 2025-07-05
2025-07-05 10:06:13,495 - INFO - Generated student report from 2025-07-05 to 2025-07-05
2025-07-05 10:06:23,314 - INFO - Report exported to reports\attendance_report_20250705_100614.xlsx
2025-07-05 10:06:25,458 - INFO - Generated daily report from 2025-07-05 to 2025-07-05
